<?xml version="1.0" encoding="UTF-8"?>
<!-- Generated by org.testng.reporters.JUnitReportReporter -->
<testsuite skipped="0" hostname="DESKTOP-R0QK2O8" name="temp.DemoDataProvider" tests="2" failures="0" timestamp="29 Sep 2018 16:40:53 GMT" time="0.039" errors="0">
  <testcase name="printTestData" time="0.028" classname="temp.DemoDataProvider"/>
  <testcase name="printTestData" time="0.011" classname="temp.DemoDataProvider"/>
</testsuite> <!-- temp.DemoDataProvider -->
